# JRE version: Java(TM) SE Runtime Environment (8.0_45-b14) (build 1.8.0_45-b14)
# Java VM: Java HotSpot(TM) 64-Bit Server VM (25.45-b02 mixed mode linux-amd64 compressed oops)
Heap:
 PSYoungGen      total 171520K, used 0K [0x00000000eab00000, 0x00000000fa500000, 0x0000000100000000)
  eden space 90112K, 0% used [0x00000000eab00000,0x00000000eab00000,0x00000000f0300000)
  from space 81408K, 0% used [0x00000000f5580000,0x00000000f5580000,0x00000000fa500000)
  to   space 82944K, 0% used [0x00000000f0300000,0x00000000f0300000,0x00000000f5400000)
 ParOldGen       total 100864K, used 88029K [0x00000000c0000000, 0x00000000c6280000, 0x00000000eab00000)
  object space 100864K, 87% used [0x00000000c0000000,0x00000000c55f7508,0x00000000c6280000)
 Metaspace       used 5982K, capacity 6960K, committed 7040K, reserved 1056768K
  class space    used 593K, capacity 616K, committed 640K, reserved 1048576K
GC Heap History (10 events):
Event: 14,528 GC heap after
Heap after GC invocations=12 (full 2):
 PSYoungGen      total 117248K, used 0K [0x00000000eab00000, 0x00000000f5f00000, 0x0000000100000000)
  eden space 63488K, 0% used [0x00000000eab00000,0x00000000eab00000,0x00000000ee900000)
  from space 53760K, 0% used [0x00000000f2180000,0x00000000f2180000,0x00000000f5600000)
  to   space 57856K, 0% used [0x00000000ee900000,0x00000000ee900000,0x00000000f2180000)
 ParOldGen       total 94720K, used 30933K [0x00000000c0000000, 0x00000000c5c80000, 0x00000000eab00000)
  object space 94720K, 32% used [0x00000000c0000000,0x00000000c1e35700,0x00000000c5c80000)
 Metaspace       used 5914K, capacity 6896K, committed 7040K, reserved 1056768K
  class space    used 593K, capacity 616K, committed 640K, reserved 1048576K
}
Event: 17,623 GC heap before
{Heap before GC invocations=13 (full 2):
 PSYoungGen      total 117248K, used 63488K [0x00000000eab00000, 0x00000000f5f00000, 0x0000000100000000)
  eden space 63488K, 100% used [0x00000000eab00000,0x00000000ee900000,0x00000000ee900000)
  from space 53760K, 0% used [0x00000000f2180000,0x00000000f2180000,0x00000000f5600000)
  to   space 57856K, 0% used [0x00000000ee900000,0x00000000ee900000,0x00000000f2180000)
 ParOldGen       total 94720K, used 30933K [0x00000000c0000000, 0x00000000c5c80000, 0x00000000eab00000)
  object space 94720K, 32% used [0x00000000c0000000,0x00000000c1e35700,0x00000000c5c80000)
 Metaspace       used 5937K, capacity 6960K, committed 7040K, reserved 1056768K
  class space    used 593K, capacity 616K, committed 640K, reserved 1048576K
Event: 17,791 GC heap after
Heap after GC invocations=13 (full 2):
 PSYoungGen      total 121344K, used 39194K [0x00000000eab00000, 0x00000000f6e80000, 0x0000000100000000)
  eden space 63488K, 0% used [0x00000000eab00000,0x00000000eab00000,0x00000000ee900000)
  from space 57856K, 67% used [0x00000000ee900000,0x00000000f0f46af8,0x00000000f2180000)
  to   space 60416K, 0% used [0x00000000f3380000,0x00000000f3380000,0x00000000f6e80000)
 ParOldGen       total 94720K, used 30941K [0x00000000c0000000, 0x00000000c5c80000, 0x00000000eab00000)
  object space 94720K, 32% used [0x00000000c0000000,0x00000000c1e37700,0x00000000c5c80000)
 Metaspace       used 5937K, capacity 6960K, committed 7040K, reserved 1056768K
  class space    used 593K, capacity 616K, committed 640K, reserved 1048576K
}
Event: 19,675 GC heap before
{Heap before GC invocations=14 (full 2):
 PSYoungGen      total 121344K, used 102682K [0x00000000eab00000, 0x00000000f6e80000, 0x0000000100000000)
  eden space 63488K, 100% used [0x00000000eab00000,0x00000000ee900000,0x00000000ee900000)
  from space 57856K, 67% used [0x00000000ee900000,0x00000000f0f46af8,0x00000000f2180000)
  to   space 60416K, 0% used [0x00000000f3380000,0x00000000f3380000,0x00000000f6e80000)
 ParOldGen       total 94720K, used 30941K [0x00000000c0000000, 0x00000000c5c80000, 0x00000000eab00000)
  object space 94720K, 32% used [0x00000000c0000000,0x00000000c1e37700,0x00000000c5c80000)
 Metaspace       used 5938K, capacity 6960K, committed 7040K, reserved 1056768K
  class space    used 593K, capacity 616K, committed 640K, reserved 1048576K
Event: 19,993 GC heap after
Heap after GC invocations=14 (full 2):
 PSYoungGen      total 127488K, used 60395K [0x00000000eab00000, 0x00000000f8780000, 0x0000000100000000)
  eden space 67072K, 0% used [0x00000000eab00000,0x00000000eab00000,0x00000000eec80000)
  from space 60416K, 99% used [0x00000000f3380000,0x00000000f6e7acb0,0x00000000f6e80000)
  to   space 72704K, 0% used [0x00000000eec80000,0x00000000eec80000,0x00000000f3380000)
 ParOldGen       total 94720K, used 38411K [0x00000000c0000000, 0x00000000c5c80000, 0x00000000eab00000)
  object space 94720K, 40% used [0x00000000c0000000,0x00000000c2582df0,0x00000000c5c80000)
 Metaspace       used 5938K, capacity 6960K, committed 7040K, reserved 1056768K
  class space    used 593K, capacity 616K, committed 640K, reserved 1048576K
}
Event: 20,426 GC heap before
{Heap before GC invocations=15 (full 2):
 PSYoungGen      total 127488K, used 127467K [0x00000000eab00000, 0x00000000f8780000, 0x0000000100000000)
  eden space 67072K, 100% used [0x00000000eab00000,0x00000000eec80000,0x00000000eec80000)
  from space 60416K, 99% used [0x00000000f3380000,0x00000000f6e7acb0,0x00000000f6e80000)
  to   space 72704K, 0% used [0x00000000eec80000,0x00000000eec80000,0x00000000f3380000)
 ParOldGen       total 94720K, used 38411K [0x00000000c0000000, 0x00000000c5c80000, 0x00000000eab00000)
  object space 94720K, 40% used [0x00000000c0000000,0x00000000c2582df0,0x00000000c5c80000)
 Metaspace       used 5938K, capacity 6960K, committed 7040K, reserved 1056768K
  class space    used 593K, capacity 616K, committed 640K, reserved 1048576K
Event: 20,648 GC heap after
Heap after GC invocations=15 (full 2):
 PSYoungGen      total 139776K, used 72695K [0x00000000eab00000, 0x00000000fa980000, 0x0000000100000000)
  eden space 67072K, 0% used [0x00000000eab00000,0x00000000eab00000,0x00000000eec80000)
  from space 72704K, 99% used [0x00000000eec80000,0x00000000f337df08,0x00000000f3380000)
  to   space 86016K, 0% used [0x00000000f5580000,0x00000000f5580000,0x00000000fa980000)
 ParOldGen       total 94720K, used 43798K [0x00000000c0000000, 0x00000000c5c80000, 0x00000000eab00000)
  object space 94720K, 46% used [0x00000000c0000000,0x00000000c2ac59f0,0x00000000c5c80000)
 Metaspace       used 5938K, capacity 6960K, committed 7040K, reserved 1056768K
  class space    used 593K, capacity 616K, committed 640K, reserved 1048576K
}
Event: 22,395 GC heap before
{Heap before GC invocations=16 (full 2):
 PSYoungGen      total 139776K, used 139767K [0x00000000eab00000, 0x00000000fa980000, 0x0000000100000000)
  eden space 67072K, 100% used [0x00000000eab00000,0x00000000eec80000,0x00000000eec80000)
  from space 72704K, 99% used [0x00000000eec80000,0x00000000f337df08,0x00000000f3380000)
  to   space 86016K, 0% used [0x00000000f5580000,0x00000000f5580000,0x00000000fa980000)
 ParOldGen       total 94720K, used 43798K [0x00000000c0000000, 0x00000000c5c80000, 0x00000000eab00000)
  object space 94720K, 46% used [0x00000000c0000000,0x00000000c2ac59f0,0x00000000c5c80000)
 Metaspace       used 5982K, capacity 6960K, committed 7040K, reserved 1056768K
  class space    used 593K, capacity 616K, committed 640K, reserved 1048576K
Event: 28,812 GC heap after
Heap after GC invocations=16 (full 2):
 PSYoungGen      total 171520K, used 39302K [0x00000000eab00000, 0x00000000fa500000, 0x0000000100000000)
  eden space 90112K, 0% used [0x00000000eab00000,0x00000000eab00000,0x00000000f0300000)
  from space 81408K, 48% used [0x00000000f5580000,0x00000000f7be1ad0,0x00000000fa500000)
  to   space 82944K, 0% used [0x00000000f0300000,0x00000000f0300000,0x00000000f5400000)
 ParOldGen       total 100864K, used 98915K [0x00000000c0000000, 0x00000000c6280000, 0x00000000eab00000)
  object space 100864K, 98% used [0x00000000c0000000,0x00000000c6098f48,0x00000000c6280000)
 Metaspace       used 5982K, capacity 6960K, committed 7040K, reserved 1056768K
  class space    used 593K, capacity 616K, committed 640K, reserved 1048576K
}
Event: 29,739 GC heap before
{Heap before GC invocations=17 (full 3):
 PSYoungGen      total 171520K, used 39302K [0x00000000eab00000, 0x00000000fa500000, 0x0000000100000000)
  eden space 90112K, 0% used [0x00000000eab00000,0x00000000eab00000,0x00000000f0300000)
  from space 81408K, 48% used [0x00000000f5580000,0x00000000f7be1ad0,0x00000000fa500000)
  to   space 82944K, 0% used [0x00000000f0300000,0x00000000f0300000,0x00000000f5400000)
 ParOldGen       total 100864K, used 98915K [0x00000000c0000000, 0x00000000c6280000, 0x00000000eab00000)
  object space 100864K, 98% used [0x00000000c0000000,0x00000000c6098f48,0x00000000c6280000)
 Metaspace       used 5982K, capacity 6960K, committed 7040K, reserved 1056768K
  class space    used 593K, capacity 616K, committed 640K, reserved 1048576K

