# JRE version: Java(TM) SE Runtime Environment (8.0_45-b14) (build 1.8.0_45-b14)
# Java VM: Java HotSpot(TM) 64-Bit Server VM (25.45-b02 mixed mode linux-amd64 compressed oops)
Heap:
 PSYoungGen      total 200192K, used 22523K [0x00000000eab00000, 0x00000000fbf80000, 0x0000000100000000)
  eden space 177664K, 0% used [0x00000000eab00000,0x00000000eab00000,0x00000000f5880000)
  from space 22528K, 99% used [0x00000000f9380000,0x00000000fa97ee90,0x00000000fa980000)
  to   space 15360K, 0% used [0x00000000fb080000,0x00000000fb080000,0x00000000fbf80000)
 ParOldGen       total 78336K, used 59286K [0x00000000c0000000, 0x00000000c4c80000, 0x00000000eab00000)
  object space 78336K, 75% used [0x00000000c0000000,0x00000000c39e5b28,0x00000000c4c80000)
 Metaspace       used 6239K, capacity 7152K, committed 7296K, reserved 1056768K
  class space    used 599K, capacity 616K, committed 640K, reserved 1048576K
GC Heap History (10 events):
Event: 7,027 GC heap after
Heap after GC invocations=5 (full 0):
 PSYoungGen      total 64000K, used 2537K [0x00000000eab00000, 0x00000000f3e00000, 0x0000000100000000)
  eden space 61440K, 0% used [0x00000000eab00000,0x00000000eab00000,0x00000000ee700000)
  from space 2560K, 99% used [0x00000000ee700000,0x00000000ee97a630,0x00000000ee980000)
  to   space 13824K, 0% used [0x00000000f3080000,0x00000000f3080000,0x00000000f3e00000)
 ParOldGen       total 40960K, used 25469K [0x00000000c0000000, 0x00000000c2800000, 0x00000000eab00000)
  object space 40960K, 62% used [0x00000000c0000000,0x00000000c18df4a0,0x00000000c2800000)
 Metaspace       used 5927K, capacity 6960K, committed 7040K, reserved 1056768K
  class space    used 597K, capacity 616K, committed 640K, reserved 1048576K
}
Event: 8,924 GC heap before
{Heap before GC invocations=6 (full 0):
 PSYoungGen      total 64000K, used 63977K [0x00000000eab00000, 0x00000000f3e00000, 0x0000000100000000)
  eden space 61440K, 100% used [0x00000000eab00000,0x00000000ee700000,0x00000000ee700000)
  from space 2560K, 99% used [0x00000000ee700000,0x00000000ee97a630,0x00000000ee980000)
  to   space 13824K, 0% used [0x00000000f3080000,0x00000000f3080000,0x00000000f3e00000)
 ParOldGen       total 40960K, used 25469K [0x00000000c0000000, 0x00000000c2800000, 0x00000000eab00000)
  object space 40960K, 62% used [0x00000000c0000000,0x00000000c18df4a0,0x00000000c2800000)
 Metaspace       used 6032K, capacity 7024K, committed 7296K, reserved 1056768K
  class space    used 597K, capacity 616K, committed 640K, reserved 1048576K
Event: 9,032 GC heap after
Heap after GC invocations=6 (full 0):
 PSYoungGen      total 136704K, used 9695K [0x00000000eab00000, 0x00000000f3e00000, 0x0000000100000000)
  eden space 122880K, 0% used [0x00000000eab00000,0x00000000eab00000,0x00000000f2300000)
  from space 13824K, 70% used [0x00000000f3080000,0x00000000f39f7ed8,0x00000000f3e00000)
  to   space 13824K, 0% used [0x00000000f2300000,0x00000000f2300000,0x00000000f3080000)
 ParOldGen       total 40960K, used 25469K [0x00000000c0000000, 0x00000000c2800000, 0x00000000eab00000)
  object space 40960K, 62% used [0x00000000c0000000,0x00000000c18df4a0,0x00000000c2800000)
 Metaspace       used 6032K, capacity 7024K, committed 7296K, reserved 1056768K
  class space    used 597K, capacity 616K, committed 640K, reserved 1048576K
}
Event: 11,518 GC heap before
{Heap before GC invocations=7 (full 0):
 PSYoungGen      total 136704K, used 132575K [0x00000000eab00000, 0x00000000f3e00000, 0x0000000100000000)
  eden space 122880K, 100% used [0x00000000eab00000,0x00000000f2300000,0x00000000f2300000)
  from space 13824K, 70% used [0x00000000f3080000,0x00000000f39f7ed8,0x00000000f3e00000)
  to   space 13824K, 0% used [0x00000000f2300000,0x00000000f2300000,0x00000000f3080000)
 ParOldGen       total 40960K, used 25469K [0x00000000c0000000, 0x00000000c2800000, 0x00000000eab00000)
  object space 40960K, 62% used [0x00000000c0000000,0x00000000c18df4a0,0x00000000c2800000)
 Metaspace       used 6170K, capacity 7152K, committed 7296K, reserved 1056768K
  class space    used 597K, capacity 616K, committed 640K, reserved 1048576K
Event: 11,770 GC heap after
Heap after GC invocations=7 (full 0):
 PSYoungGen      total 136704K, used 13823K [0x00000000eab00000, 0x00000000fc600000, 0x0000000100000000)
  eden space 122880K, 0% used [0x00000000eab00000,0x00000000eab00000,0x00000000f2300000)
  from space 13824K, 99% used [0x00000000f2300000,0x00000000f307fd28,0x00000000f3080000)
  to   space 22016K, 0% used [0x00000000fb080000,0x00000000fb080000,0x00000000fc600000)
 ParOldGen       total 40960K, used 37344K [0x00000000c0000000, 0x00000000c2800000, 0x00000000eab00000)
  object space 40960K, 91% used [0x00000000c0000000,0x00000000c2478230,0x00000000c2800000)
 Metaspace       used 6170K, capacity 7152K, committed 7296K, reserved 1056768K
  class space    used 597K, capacity 616K, committed 640K, reserved 1048576K
}
Event: 11,770 GC heap before
{Heap before GC invocations=8 (full 1):
 PSYoungGen      total 136704K, used 13823K [0x00000000eab00000, 0x00000000fc600000, 0x0000000100000000)
  eden space 122880K, 0% used [0x00000000eab00000,0x00000000eab00000,0x00000000f2300000)
  from space 13824K, 99% used [0x00000000f2300000,0x00000000f307fd28,0x00000000f3080000)
  to   space 22016K, 0% used [0x00000000fb080000,0x00000000fb080000,0x00000000fc600000)
 ParOldGen       total 40960K, used 37344K [0x00000000c0000000, 0x00000000c2800000, 0x00000000eab00000)
  object space 40960K, 91% used [0x00000000c0000000,0x00000000c2478230,0x00000000c2800000)
 Metaspace       used 6170K, capacity 7152K, committed 7296K, reserved 1056768K
  class space    used 597K, capacity 616K, committed 640K, reserved 1048576K
Event: 12,726 GC heap after
Heap after GC invocations=8 (full 1):
 PSYoungGen      total 136704K, used 0K [0x00000000eab00000, 0x00000000fc600000, 0x0000000100000000)
  eden space 122880K, 0% used [0x00000000eab00000,0x00000000eab00000,0x00000000f2300000)
  from space 13824K, 0% used [0x00000000f2300000,0x00000000f2300000,0x00000000f3080000)
  to   space 22016K, 0% used [0x00000000fb080000,0x00000000fb080000,0x00000000fc600000)
 ParOldGen       total 78336K, used 40826K [0x00000000c0000000, 0x00000000c4c80000, 0x00000000eab00000)
  object space 78336K, 52% used [0x00000000c0000000,0x00000000c27deb68,0x00000000c4c80000)
 Metaspace       used 6170K, capacity 7152K, committed 7296K, reserved 1056768K
  class space    used 597K, capacity 616K, committed 640K, reserved 1048576K
}
Event: 13,680 GC heap before
{Heap before GC invocations=9 (full 1):
 PSYoungGen      total 136704K, used 122880K [0x00000000eab00000, 0x00000000fc600000, 0x0000000100000000)
  eden space 122880K, 100% used [0x00000000eab00000,0x00000000f2300000,0x00000000f2300000)
  from space 13824K, 0% used [0x00000000f2300000,0x00000000f2300000,0x00000000f3080000)
  to   space 22016K, 0% used [0x00000000fb080000,0x00000000fb080000,0x00000000fc600000)
 ParOldGen       total 78336K, used 40826K [0x00000000c0000000, 0x00000000c4c80000, 0x00000000eab00000)
  object space 78336K, 52% used [0x00000000c0000000,0x00000000c27deb68,0x00000000c4c80000)
 Metaspace       used 6202K, capacity 7152K, committed 7296K, reserved 1056768K
  class space    used 597K, capacity 616K, committed 640K, reserved 1048576K
Event: 13,790 GC heap after
Heap after GC invocations=9 (full 1):
 PSYoungGen      total 193024K, used 15149K [0x00000000eab00000, 0x00000000fbf80000, 0x0000000100000000)
  eden space 177664K, 0% used [0x00000000eab00000,0x00000000eab00000,0x00000000f5880000)
  from space 15360K, 98% used [0x00000000fb080000,0x00000000fbf4b520,0x00000000fbf80000)
  to   space 22528K, 0% used [0x00000000f9380000,0x00000000f9380000,0x00000000fa980000)
 ParOldGen       total 78336K, used 40826K [0x00000000c0000000, 0x00000000c4c80000, 0x00000000eab00000)
  object space 78336K, 52% used [0x00000000c0000000,0x00000000c27deb68,0x00000000c4c80000)
 Metaspace       used 6202K, capacity 7152K, committed 7296K, reserved 1056768K
  class space    used 597K, capacity 616K, committed 640K, reserved 1048576K
}
Event: 16,216 GC heap before
{Heap before GC invocations=10 (full 1):
 PSYoungGen      total 193024K, used 192813K [0x00000000eab00000, 0x00000000fbf80000, 0x0000000100000000)
  eden space 177664K, 100% used [0x00000000eab00000,0x00000000f5880000,0x00000000f5880000)
  from space 15360K, 98% used [0x00000000fb080000,0x00000000fbf4b520,0x00000000fbf80000)
  to   space 22528K, 0% used [0x00000000f9380000,0x00000000f9380000,0x00000000fa980000)
 ParOldGen       total 78336K, used 40826K [0x00000000c0000000, 0x00000000c4c80000, 0x00000000eab00000)
  object space 78336K, 52% used [0x00000000c0000000,0x00000000c27deb68,0x00000000c4c80000)
 Metaspace       used 6239K, capacity 7152K, committed 7296K, reserved 1056768K
  class space    used 599K, capacity 616K, committed 640K, reserved 1048576K

